Dec 23, 2017 10:26:55 PM org.apache.catalina.startup.VersionLoggerListener log
INFO: Server version:        Apache Tomcat/7.0.82
Dec 23, 2017 10:26:55 PM org.apache.catalina.startup.VersionLoggerListener log
INFO: Server built:          Sep 29 2017 12:23:15 UTC
Dec 23, 2017 10:26:55 PM org.apache.catalina.startup.VersionLoggerListener log
INFO: Server number:         7.0.82.0
Dec 23, 2017 10:26:55 PM org.apache.catalina.startup.VersionLoggerListener log
INFO: OS Name:               Mac OS X
Dec 23, 2017 10:26:55 PM org.apache.catalina.startup.VersionLoggerListener log
INFO: OS Version:            10.11.6
Dec 23, 2017 10:26:55 PM org.apache.catalina.startup.VersionLoggerListener log
INFO: Architecture:          x86_64
Dec 23, 2017 10:26:55 PM org.apache.catalina.startup.VersionLoggerListener log
INFO: Java Home:             /Library/Java/JavaVirtualMachines/jdk1.8.0_101.jdk/Contents/Home/jre
Dec 23, 2017 10:26:55 PM org.apache.catalina.startup.VersionLoggerListener log
INFO: JVM Version:           1.8.0_101-b13
Dec 23, 2017 10:26:55 PM org.apache.catalina.startup.VersionLoggerListener log
INFO: JVM Vendor:            Oracle Corporation
Dec 23, 2017 10:26:55 PM org.apache.catalina.startup.VersionLoggerListener log
INFO: CATALINA_BASE:         /Users/Jesli/Development/self_project/majiang/server/apache-tomcat-7.0.82
Dec 23, 2017 10:26:55 PM org.apache.catalina.startup.VersionLoggerListener log
INFO: CATALINA_HOME:         /Users/Jesli/Development/self_project/majiang/server/apache-tomcat-7.0.82
Dec 23, 2017 10:26:55 PM org.apache.catalina.startup.VersionLoggerListener log
INFO: Command line argument: -Djava.util.logging.config.file=/Users/Jesli/Development/self_project/majiang/server/apache-tomcat-7.0.82/conf/logging.properties
Dec 23, 2017 10:26:55 PM org.apache.catalina.startup.VersionLoggerListener log
INFO: Command line argument: -Djava.util.logging.manager=org.apache.juli.ClassLoaderLogManager
Dec 23, 2017 10:26:55 PM org.apache.catalina.startup.VersionLoggerListener log
INFO: Command line argument: -Djdk.tls.ephemeralDHKeySize=2048
Dec 23, 2017 10:26:55 PM org.apache.catalina.startup.VersionLoggerListener log
INFO: Command line argument: -Djava.endorsed.dirs=/Users/Jesli/Development/self_project/majiang/server/apache-tomcat-7.0.82/endorsed
Dec 23, 2017 10:26:55 PM org.apache.catalina.startup.VersionLoggerListener log
INFO: Command line argument: -Dcatalina.base=/Users/Jesli/Development/self_project/majiang/server/apache-tomcat-7.0.82
Dec 23, 2017 10:26:55 PM org.apache.catalina.startup.VersionLoggerListener log
INFO: Command line argument: -Dcatalina.home=/Users/Jesli/Development/self_project/majiang/server/apache-tomcat-7.0.82
Dec 23, 2017 10:26:55 PM org.apache.catalina.startup.VersionLoggerListener log
INFO: Command line argument: -Djava.io.tmpdir=/Users/Jesli/Development/self_project/majiang/server/apache-tomcat-7.0.82/temp
Dec 23, 2017 10:26:55 PM org.apache.catalina.core.AprLifecycleListener lifecycleEvent
INFO: The APR based Apache Tomcat Native library which allows optimal performance in production environments was not found on the java.library.path: /Users/Jesli/Library/Java/Extensions:/Library/Java/Extensions:/Network/Library/Java/Extensions:/System/Library/Java/Extensions:/usr/lib/java:.
Dec 23, 2017 10:26:55 PM org.apache.coyote.AbstractProtocol init
INFO: Initializing ProtocolHandler ["http-bio-8080"]
Dec 23, 2017 10:26:55 PM org.apache.coyote.AbstractProtocol init
INFO: Initializing ProtocolHandler ["ajp-bio-8009"]
Dec 23, 2017 10:26:55 PM org.apache.catalina.startup.Catalina load
INFO: Initialization processed in 636 ms
Dec 23, 2017 10:26:55 PM org.apache.catalina.core.StandardService startInternal
INFO: Starting service Catalina
Dec 23, 2017 10:26:55 PM org.apache.catalina.core.StandardEngine startInternal
INFO: Starting Servlet Engine: Apache Tomcat/7.0.82
Dec 23, 2017 10:26:55 PM org.apache.catalina.loader.WebappClassLoaderBase validateJarFile
INFO: validateJarFile(/Users/Jesli/Development/self_project/majiang/server/GameServer-MJ/WebRoot/WEB-INF/lib/servlet-api.jar) - jar not loaded. See Servlet Spec 3.0, section 10.7.2. Offending class: javax/servlet/Servlet.class
Dec 23, 2017 10:26:56 PM org.apache.catalina.startup.TldConfig execute
INFO: At least one JAR was scanned for TLDs yet contained no TLDs. Enable debug logging for this logger for a complete list of JARs that were scanned but no TLDs were found in them. Skipping unneeded JARs during scanning can improve startup time and JSP compilation time.
Dec 23, 2017 10:26:57 PM org.apache.catalina.startup.HostConfig deployDirectory
INFO: Deploying web application directory /Users/Jesli/Development/self_project/majiang/server/apache-tomcat-7.0.82/webapps/docs
Dec 23, 2017 10:26:57 PM org.apache.catalina.startup.HostConfig deployDirectory
INFO: Deployment of web application directory /Users/Jesli/Development/self_project/majiang/server/apache-tomcat-7.0.82/webapps/docs has finished in 38 ms
Dec 23, 2017 10:26:57 PM org.apache.catalina.startup.HostConfig deployDirectory
INFO: Deploying web application directory /Users/Jesli/Development/self_project/majiang/server/apache-tomcat-7.0.82/webapps/examples
Dec 23, 2017 10:26:57 PM org.apache.catalina.startup.HostConfig deployDirectory
INFO: Deployment of web application directory /Users/Jesli/Development/self_project/majiang/server/apache-tomcat-7.0.82/webapps/examples has finished in 169 ms
Dec 23, 2017 10:26:57 PM org.apache.catalina.startup.HostConfig deployDirectory
INFO: Deploying web application directory /Users/Jesli/Development/self_project/majiang/server/apache-tomcat-7.0.82/webapps/host-manager
Dec 23, 2017 10:26:57 PM org.apache.catalina.startup.HostConfig deployDirectory
INFO: Deployment of web application directory /Users/Jesli/Development/self_project/majiang/server/apache-tomcat-7.0.82/webapps/host-manager has finished in 138 ms
Dec 23, 2017 10:26:57 PM org.apache.catalina.startup.HostConfig deployDirectory
INFO: Deploying web application directory /Users/Jesli/Development/self_project/majiang/server/apache-tomcat-7.0.82/webapps/manager
Dec 23, 2017 10:26:57 PM org.apache.catalina.startup.HostConfig deployDirectory
INFO: Deployment of web application directory /Users/Jesli/Development/self_project/majiang/server/apache-tomcat-7.0.82/webapps/manager has finished in 38 ms
Dec 23, 2017 10:26:57 PM org.apache.coyote.AbstractProtocol start
INFO: Starting ProtocolHandler ["http-bio-8080"]
Dec 23, 2017 10:26:57 PM org.apache.coyote.AbstractProtocol start
INFO: Starting ProtocolHandler ["ajp-bio-8009"]
Dec 23, 2017 10:26:57 PM org.apache.catalina.startup.Catalina start
INFO: Server startup in 2231 ms
Dec 23, 2017 10:28:11 PM org.apache.catalina.core.StandardServer await
INFO: A valid shutdown command was received via the shutdown port. Stopping the Server instance.
Dec 23, 2017 10:28:11 PM org.apache.coyote.AbstractProtocol pause
INFO: Pausing ProtocolHandler ["http-bio-8080"]
Dec 23, 2017 10:28:11 PM org.apache.coyote.AbstractProtocol pause
INFO: Pausing ProtocolHandler ["ajp-bio-8009"]
Dec 23, 2017 10:28:11 PM org.apache.catalina.core.StandardService stopInternal
INFO: Stopping service Catalina
Dec 23, 2017 10:28:11 PM org.apache.catalina.loader.WebappClassLoaderBase clearReferencesJdbc
SEVERE: The web application [] registered the JDBC driver [com.mysql.jdbc.Driver] but failed to unregister it when the web application was stopped. To prevent a memory leak, the JDBC Driver has been forcibly unregistered.
Dec 23, 2017 10:28:11 PM org.apache.catalina.loader.WebappClassLoaderBase clearReferencesJdbc
SEVERE: The web application [] registered the JDBC driver [org.apache.ibatis.datasource.unpooled.UnpooledDataSource.DriverProxy] but failed to unregister it when the web application was stopped. To prevent a memory leak, the JDBC Driver has been forcibly unregistered.
Dec 23, 2017 10:28:11 PM org.apache.catalina.loader.WebappClassLoaderBase clearReferencesThreads
SEVERE: The web application [] appears to have started a thread named [Timer-1] but has failed to stop it. This is very likely to create a memory leak.
Dec 23, 2017 10:28:11 PM org.apache.catalina.loader.WebappClassLoaderBase clearReferencesThreads
SEVERE: The web application [] appears to have started a thread named [NioSocketAcceptor-1] but has failed to stop it. This is very likely to create a memory leak.
Dec 23, 2017 10:28:11 PM org.apache.catalina.loader.WebappClassLoaderBase clearReferencesThreads
SEVERE: The web application [] appears to have started a thread named [MySQL Statement Cancellation Timer] but has failed to stop it. This is very likely to create a memory leak.
Dec 23, 2017 10:28:11 PM org.apache.coyote.AbstractProtocol stop
INFO: Stopping ProtocolHandler ["http-bio-8080"]
Dec 23, 2017 10:28:11 PM org.apache.coyote.AbstractProtocol stop
INFO: Stopping ProtocolHandler ["ajp-bio-8009"]
Dec 23, 2017 10:28:11 PM org.apache.coyote.AbstractProtocol destroy
INFO: Destroying ProtocolHandler ["http-bio-8080"]
Dec 23, 2017 10:28:11 PM org.apache.coyote.AbstractProtocol destroy
INFO: Destroying ProtocolHandler ["ajp-bio-8009"]
Dec 23, 2017 10:52:56 PM org.apache.catalina.startup.VersionLoggerListener log
INFO: Server version:        Apache Tomcat/7.0.82
Dec 23, 2017 10:52:56 PM org.apache.catalina.startup.VersionLoggerListener log
INFO: Server built:          Sep 29 2017 12:23:15 UTC
Dec 23, 2017 10:52:56 PM org.apache.catalina.startup.VersionLoggerListener log
INFO: Server number:         7.0.82.0
Dec 23, 2017 10:52:56 PM org.apache.catalina.startup.VersionLoggerListener log
INFO: OS Name:               Mac OS X
Dec 23, 2017 10:52:56 PM org.apache.catalina.startup.VersionLoggerListener log
INFO: OS Version:            10.11.6
Dec 23, 2017 10:52:56 PM org.apache.catalina.startup.VersionLoggerListener log
INFO: Architecture:          x86_64
Dec 23, 2017 10:52:56 PM org.apache.catalina.startup.VersionLoggerListener log
INFO: Java Home:             /Library/Java/JavaVirtualMachines/jdk1.8.0_101.jdk/Contents/Home/jre
Dec 23, 2017 10:52:56 PM org.apache.catalina.startup.VersionLoggerListener log
INFO: JVM Version:           1.8.0_101-b13
Dec 23, 2017 10:52:56 PM org.apache.catalina.startup.VersionLoggerListener log
INFO: JVM Vendor:            Oracle Corporation
Dec 23, 2017 10:52:56 PM org.apache.catalina.startup.VersionLoggerListener log
INFO: CATALINA_BASE:         /Users/Jesli/Development/self_project/majiang/server/apache-tomcat-7.0.82
Dec 23, 2017 10:52:56 PM org.apache.catalina.startup.VersionLoggerListener log
INFO: CATALINA_HOME:         /Users/Jesli/Development/self_project/majiang/server/apache-tomcat-7.0.82
Dec 23, 2017 10:52:56 PM org.apache.catalina.startup.VersionLoggerListener log
INFO: Command line argument: -Djava.util.logging.config.file=/Users/Jesli/Development/self_project/majiang/server/apache-tomcat-7.0.82/conf/logging.properties
Dec 23, 2017 10:52:56 PM org.apache.catalina.startup.VersionLoggerListener log
INFO: Command line argument: -Djava.util.logging.manager=org.apache.juli.ClassLoaderLogManager
Dec 23, 2017 10:52:56 PM org.apache.catalina.startup.VersionLoggerListener log
INFO: Command line argument: -Djdk.tls.ephemeralDHKeySize=2048
Dec 23, 2017 10:52:56 PM org.apache.catalina.startup.VersionLoggerListener log
INFO: Command line argument: -Djava.endorsed.dirs=/Users/Jesli/Development/self_project/majiang/server/apache-tomcat-7.0.82/endorsed
Dec 23, 2017 10:52:56 PM org.apache.catalina.startup.VersionLoggerListener log
INFO: Command line argument: -Dcatalina.base=/Users/Jesli/Development/self_project/majiang/server/apache-tomcat-7.0.82
Dec 23, 2017 10:52:56 PM org.apache.catalina.startup.VersionLoggerListener log
INFO: Command line argument: -Dcatalina.home=/Users/Jesli/Development/self_project/majiang/server/apache-tomcat-7.0.82
Dec 23, 2017 10:52:56 PM org.apache.catalina.startup.VersionLoggerListener log
INFO: Command line argument: -Djava.io.tmpdir=/Users/Jesli/Development/self_project/majiang/server/apache-tomcat-7.0.82/temp
Dec 23, 2017 10:52:56 PM org.apache.catalina.core.AprLifecycleListener lifecycleEvent
INFO: The APR based Apache Tomcat Native library which allows optimal performance in production environments was not found on the java.library.path: /Users/Jesli/Library/Java/Extensions:/Library/Java/Extensions:/Network/Library/Java/Extensions:/System/Library/Java/Extensions:/usr/lib/java:.
Dec 23, 2017 10:52:56 PM org.apache.coyote.AbstractProtocol init
INFO: Initializing ProtocolHandler ["http-bio-8080"]
Dec 23, 2017 10:52:56 PM org.apache.coyote.AbstractProtocol init
INFO: Initializing ProtocolHandler ["ajp-bio-8009"]
Dec 23, 2017 10:52:56 PM org.apache.catalina.startup.Catalina load
INFO: Initialization processed in 568 ms
Dec 23, 2017 10:52:56 PM org.apache.catalina.core.StandardService startInternal
INFO: Starting service Catalina
Dec 23, 2017 10:52:56 PM org.apache.catalina.core.StandardEngine startInternal
INFO: Starting Servlet Engine: Apache Tomcat/7.0.82
Dec 23, 2017 10:52:56 PM org.apache.catalina.loader.WebappClassLoaderBase validateJarFile
INFO: validateJarFile(/Users/Jesli/Development/self_project/majiang/server/GameServer-MJ/WebRoot/WEB-INF/lib/servlet-api.jar) - jar not loaded. See Servlet Spec 3.0, section 10.7.2. Offending class: javax/servlet/Servlet.class
Dec 23, 2017 10:52:57 PM org.apache.catalina.startup.TldConfig execute
INFO: At least one JAR was scanned for TLDs yet contained no TLDs. Enable debug logging for this logger for a complete list of JARs that were scanned but no TLDs were found in them. Skipping unneeded JARs during scanning can improve startup time and JSP compilation time.
Dec 23, 2017 10:52:58 PM org.apache.catalina.startup.HostConfig deployDirectory
INFO: Deploying web application directory /Users/Jesli/Development/self_project/majiang/server/apache-tomcat-7.0.82/webapps/docs
Dec 23, 2017 10:52:58 PM org.apache.catalina.startup.HostConfig deployDirectory
INFO: Deployment of web application directory /Users/Jesli/Development/self_project/majiang/server/apache-tomcat-7.0.82/webapps/docs has finished in 37 ms
Dec 23, 2017 10:52:58 PM org.apache.catalina.startup.HostConfig deployDirectory
INFO: Deploying web application directory /Users/Jesli/Development/self_project/majiang/server/apache-tomcat-7.0.82/webapps/examples
Dec 23, 2017 10:52:58 PM org.apache.catalina.startup.HostConfig deployDirectory
INFO: Deployment of web application directory /Users/Jesli/Development/self_project/majiang/server/apache-tomcat-7.0.82/webapps/examples has finished in 208 ms
Dec 23, 2017 10:52:58 PM org.apache.catalina.startup.HostConfig deployDirectory
INFO: Deploying web application directory /Users/Jesli/Development/self_project/majiang/server/apache-tomcat-7.0.82/webapps/host-manager
Dec 23, 2017 10:52:58 PM org.apache.catalina.startup.HostConfig deployDirectory
INFO: Deployment of web application directory /Users/Jesli/Development/self_project/majiang/server/apache-tomcat-7.0.82/webapps/host-manager has finished in 100 ms
Dec 23, 2017 10:52:58 PM org.apache.catalina.startup.HostConfig deployDirectory
INFO: Deploying web application directory /Users/Jesli/Development/self_project/majiang/server/apache-tomcat-7.0.82/webapps/manager
Dec 23, 2017 10:52:58 PM org.apache.catalina.startup.HostConfig deployDirectory
INFO: Deployment of web application directory /Users/Jesli/Development/self_project/majiang/server/apache-tomcat-7.0.82/webapps/manager has finished in 35 ms
Dec 23, 2017 10:52:58 PM org.apache.coyote.AbstractProtocol start
INFO: Starting ProtocolHandler ["http-bio-8080"]
Dec 23, 2017 10:52:58 PM org.apache.coyote.AbstractProtocol start
INFO: Starting ProtocolHandler ["ajp-bio-8009"]
Dec 23, 2017 10:52:58 PM org.apache.catalina.startup.Catalina start
INFO: Server startup in 2164 ms
Dec 23, 2017 10:55:20 PM org.apache.catalina.core.StandardServer await
INFO: A valid shutdown command was received via the shutdown port. Stopping the Server instance.
Dec 23, 2017 10:55:20 PM org.apache.coyote.AbstractProtocol pause
INFO: Pausing ProtocolHandler ["http-bio-8080"]
Dec 23, 2017 10:55:20 PM org.apache.coyote.AbstractProtocol pause
INFO: Pausing ProtocolHandler ["ajp-bio-8009"]
Dec 23, 2017 10:55:20 PM org.apache.catalina.core.StandardService stopInternal
INFO: Stopping service Catalina
Dec 23, 2017 10:55:20 PM org.apache.catalina.loader.WebappClassLoaderBase clearReferencesJdbc
SEVERE: The web application [] registered the JDBC driver [com.mysql.jdbc.Driver] but failed to unregister it when the web application was stopped. To prevent a memory leak, the JDBC Driver has been forcibly unregistered.
Dec 23, 2017 10:55:20 PM org.apache.catalina.loader.WebappClassLoaderBase clearReferencesJdbc
SEVERE: The web application [] registered the JDBC driver [org.apache.ibatis.datasource.unpooled.UnpooledDataSource.DriverProxy] but failed to unregister it when the web application was stopped. To prevent a memory leak, the JDBC Driver has been forcibly unregistered.
Dec 23, 2017 10:55:20 PM org.apache.catalina.loader.WebappClassLoaderBase clearReferencesThreads
SEVERE: The web application [] appears to have started a thread named [Timer-1] but has failed to stop it. This is very likely to create a memory leak.
Dec 23, 2017 10:55:20 PM org.apache.catalina.loader.WebappClassLoaderBase clearReferencesThreads
SEVERE: The web application [] appears to have started a thread named [NioSocketAcceptor-1] but has failed to stop it. This is very likely to create a memory leak.
Dec 23, 2017 10:55:20 PM org.apache.catalina.loader.WebappClassLoaderBase clearReferencesThreads
SEVERE: The web application [] appears to have started a thread named [MySQL Statement Cancellation Timer] but has failed to stop it. This is very likely to create a memory leak.
Dec 23, 2017 10:55:20 PM org.apache.catalina.loader.WebappClassLoaderBase clearReferencesThreads
SEVERE: The web application [] appears to have started a thread named [NioProcessor-2] but has failed to stop it. This is very likely to create a memory leak.
Dec 23, 2017 10:55:20 PM org.apache.catalina.loader.WebappClassLoaderBase clearReferencesThreads
SEVERE: The web application [] appears to have started a thread named [NioProcessor-3] but has failed to stop it. This is very likely to create a memory leak.
Dec 23, 2017 10:55:20 PM org.apache.catalina.loader.WebappClassLoaderBase clearReferencesThreads
SEVERE: The web application [] appears to have started a thread named [pool-3-thread-2] but has failed to stop it. This is very likely to create a memory leak.
Dec 23, 2017 10:55:20 PM org.apache.coyote.AbstractProtocol stop
INFO: Stopping ProtocolHandler ["http-bio-8080"]
Dec 23, 2017 10:55:20 PM org.apache.coyote.AbstractProtocol stop
INFO: Stopping ProtocolHandler ["ajp-bio-8009"]
Dec 23, 2017 10:55:20 PM org.apache.coyote.AbstractProtocol destroy
INFO: Destroying ProtocolHandler ["http-bio-8080"]
Dec 23, 2017 10:55:20 PM org.apache.coyote.AbstractProtocol destroy
INFO: Destroying ProtocolHandler ["ajp-bio-8009"]
Dec 23, 2017 10:55:23 PM org.apache.catalina.loader.WebappClassLoaderBase loadClass
INFO: Illegal access: this web application instance has been stopped already.  Could not load com.dyz.persist.util.TimeUitl.  The eventual following stack trace is caused by an error thrown for debugging purposes as well as to attempt to terminate the thread which caused the illegal access, and has no functional impact.
java.lang.IllegalStateException
	at org.apache.catalina.loader.WebappClassLoaderBase.loadClass(WebappClassLoaderBase.java:1777)
	at org.apache.catalina.loader.WebappClassLoaderBase.loadClass(WebappClassLoaderBase.java:1735)
	at com.dyz.gameserver.commons.session.GameSession.close(GameSession.java:136)
	at com.dyz.gameserver.net.MinaMsgHandler.sessionClosed(MinaMsgHandler.java:62)
	at org.apache.mina.core.filterchain.DefaultIoFilterChain$TailFilter.sessionClosed(DefaultIoFilterChain.java:793)
	at org.apache.mina.core.filterchain.DefaultIoFilterChain.callNextSessionClosed(DefaultIoFilterChain.java:504)
	at org.apache.mina.core.filterchain.DefaultIoFilterChain.access$900(DefaultIoFilterChain.java:48)
	at org.apache.mina.core.filterchain.DefaultIoFilterChain$EntryImpl$1.sessionClosed(DefaultIoFilterChain.java:923)
	at org.apache.mina.core.filterchain.IoFilterEvent.fire(IoFilterEvent.java:109)
	at org.apache.mina.core.session.IoEvent.run(IoEvent.java:63)
	at java.util.concurrent.ThreadPoolExecutor.runWorker(ThreadPoolExecutor.java:1142)
	at java.util.concurrent.ThreadPoolExecutor$Worker.run(ThreadPoolExecutor.java:617)
	at java.lang.Thread.run(Thread.java:745)

Dec 23, 2017 10:55:28 PM org.apache.catalina.loader.WebappClassLoaderBase loadClass
INFO: Illegal access: this web application instance has been stopped already.  Could not load com.dyz.persist.util.TimeUitl.  The eventual following stack trace is caused by an error thrown for debugging purposes as well as to attempt to terminate the thread which caused the illegal access, and has no functional impact.
java.lang.IllegalStateException
	at org.apache.catalina.loader.WebappClassLoaderBase.loadClass(WebappClassLoaderBase.java:1777)
	at org.apache.catalina.loader.WebappClassLoaderBase.loadClass(WebappClassLoaderBase.java:1735)
	at com.dyz.gameserver.msg.processor.login.LoginMsgProcessor.process(LoginMsgProcessor.java:124)
	at com.dyz.gameserver.msg.processor.common.MsgProcessor.handle(MsgProcessor.java:15)
	at com.dyz.gameserver.commons.message.MsgDispatcher.dispatchMsg(MsgDispatcher.java:56)
	at com.dyz.gameserver.net.MinaMsgHandler.messageReceived(MinaMsgHandler.java:41)
	at org.apache.mina.core.filterchain.DefaultIoFilterChain$TailFilter.messageReceived(DefaultIoFilterChain.java:854)
	at org.apache.mina.core.filterchain.DefaultIoFilterChain.callNextMessageReceived(DefaultIoFilterChain.java:542)
	at org.apache.mina.core.filterchain.DefaultIoFilterChain.access$1300(DefaultIoFilterChain.java:48)
	at org.apache.mina.core.filterchain.DefaultIoFilterChain$EntryImpl$1.messageReceived(DefaultIoFilterChain.java:943)
	at org.apache.mina.core.filterchain.IoFilterEvent.fire(IoFilterEvent.java:74)
	at org.apache.mina.core.session.IoEvent.run(IoEvent.java:63)
	at java.util.concurrent.ThreadPoolExecutor.runWorker(ThreadPoolExecutor.java:1142)
	at java.util.concurrent.ThreadPoolExecutor$Worker.run(ThreadPoolExecutor.java:617)
	at java.lang.Thread.run(Thread.java:745)

Dec 23, 2017 10:56:18 PM org.apache.catalina.startup.VersionLoggerListener log
INFO: Server version:        Apache Tomcat/7.0.82
Dec 23, 2017 10:56:18 PM org.apache.catalina.startup.VersionLoggerListener log
INFO: Server built:          Sep 29 2017 12:23:15 UTC
Dec 23, 2017 10:56:18 PM org.apache.catalina.startup.VersionLoggerListener log
INFO: Server number:         7.0.82.0
Dec 23, 2017 10:56:18 PM org.apache.catalina.startup.VersionLoggerListener log
INFO: OS Name:               Mac OS X
Dec 23, 2017 10:56:18 PM org.apache.catalina.startup.VersionLoggerListener log
INFO: OS Version:            10.11.6
Dec 23, 2017 10:56:18 PM org.apache.catalina.startup.VersionLoggerListener log
INFO: Architecture:          x86_64
Dec 23, 2017 10:56:18 PM org.apache.catalina.startup.VersionLoggerListener log
INFO: Java Home:             /Library/Java/JavaVirtualMachines/jdk1.8.0_101.jdk/Contents/Home/jre
Dec 23, 2017 10:56:18 PM org.apache.catalina.startup.VersionLoggerListener log
INFO: JVM Version:           1.8.0_101-b13
Dec 23, 2017 10:56:18 PM org.apache.catalina.startup.VersionLoggerListener log
INFO: JVM Vendor:            Oracle Corporation
Dec 23, 2017 10:56:18 PM org.apache.catalina.startup.VersionLoggerListener log
INFO: CATALINA_BASE:         /Users/Jesli/Development/self_project/majiang/server/apache-tomcat-7.0.82
Dec 23, 2017 10:56:18 PM org.apache.catalina.startup.VersionLoggerListener log
INFO: CATALINA_HOME:         /Users/Jesli/Development/self_project/majiang/server/apache-tomcat-7.0.82
Dec 23, 2017 10:56:18 PM org.apache.catalina.startup.VersionLoggerListener log
INFO: Command line argument: -Djava.util.logging.config.file=/Users/Jesli/Development/self_project/majiang/server/apache-tomcat-7.0.82/conf/logging.properties
Dec 23, 2017 10:56:18 PM org.apache.catalina.startup.VersionLoggerListener log
INFO: Command line argument: -Djava.util.logging.manager=org.apache.juli.ClassLoaderLogManager
Dec 23, 2017 10:56:18 PM org.apache.catalina.startup.VersionLoggerListener log
INFO: Command line argument: -Djdk.tls.ephemeralDHKeySize=2048
Dec 23, 2017 10:56:18 PM org.apache.catalina.startup.VersionLoggerListener log
INFO: Command line argument: -Djava.endorsed.dirs=/Users/Jesli/Development/self_project/majiang/server/apache-tomcat-7.0.82/endorsed
Dec 23, 2017 10:56:18 PM org.apache.catalina.startup.VersionLoggerListener log
INFO: Command line argument: -Dcatalina.base=/Users/Jesli/Development/self_project/majiang/server/apache-tomcat-7.0.82
Dec 23, 2017 10:56:18 PM org.apache.catalina.startup.VersionLoggerListener log
INFO: Command line argument: -Dcatalina.home=/Users/Jesli/Development/self_project/majiang/server/apache-tomcat-7.0.82
Dec 23, 2017 10:56:18 PM org.apache.catalina.startup.VersionLoggerListener log
INFO: Command line argument: -Djava.io.tmpdir=/Users/Jesli/Development/self_project/majiang/server/apache-tomcat-7.0.82/temp
Dec 23, 2017 10:56:18 PM org.apache.catalina.core.AprLifecycleListener lifecycleEvent
INFO: The APR based Apache Tomcat Native library which allows optimal performance in production environments was not found on the java.library.path: /Users/Jesli/Library/Java/Extensions:/Library/Java/Extensions:/Network/Library/Java/Extensions:/System/Library/Java/Extensions:/usr/lib/java:.
Dec 23, 2017 10:56:18 PM org.apache.coyote.AbstractProtocol init
INFO: Initializing ProtocolHandler ["http-bio-8080"]
Dec 23, 2017 10:56:18 PM org.apache.coyote.AbstractProtocol init
INFO: Initializing ProtocolHandler ["ajp-bio-8009"]
Dec 23, 2017 10:56:18 PM org.apache.catalina.startup.Catalina load
INFO: Initialization processed in 593 ms
Dec 23, 2017 10:56:18 PM org.apache.catalina.core.StandardService startInternal
INFO: Starting service Catalina
Dec 23, 2017 10:56:18 PM org.apache.catalina.core.StandardEngine startInternal
INFO: Starting Servlet Engine: Apache Tomcat/7.0.82
Dec 23, 2017 10:56:18 PM org.apache.catalina.loader.WebappClassLoaderBase validateJarFile
INFO: validateJarFile(/Users/Jesli/Development/self_project/majiang/server/GameServer-MJ/WebRoot/WEB-INF/lib/servlet-api.jar) - jar not loaded. See Servlet Spec 3.0, section 10.7.2. Offending class: javax/servlet/Servlet.class
Dec 23, 2017 10:56:19 PM org.apache.catalina.startup.TldConfig execute
INFO: At least one JAR was scanned for TLDs yet contained no TLDs. Enable debug logging for this logger for a complete list of JARs that were scanned but no TLDs were found in them. Skipping unneeded JARs during scanning can improve startup time and JSP compilation time.
Dec 23, 2017 10:56:19 PM org.apache.catalina.startup.HostConfig deployDirectory
INFO: Deploying web application directory /Users/Jesli/Development/self_project/majiang/server/apache-tomcat-7.0.82/webapps/docs
Dec 23, 2017 10:56:19 PM org.apache.catalina.startup.HostConfig deployDirectory
INFO: Deployment of web application directory /Users/Jesli/Development/self_project/majiang/server/apache-tomcat-7.0.82/webapps/docs has finished in 52 ms
Dec 23, 2017 10:56:19 PM org.apache.catalina.startup.HostConfig deployDirectory
INFO: Deploying web application directory /Users/Jesli/Development/self_project/majiang/server/apache-tomcat-7.0.82/webapps/examples
Dec 23, 2017 10:56:20 PM org.apache.catalina.startup.HostConfig deployDirectory
INFO: Deployment of web application directory /Users/Jesli/Development/self_project/majiang/server/apache-tomcat-7.0.82/webapps/examples has finished in 285 ms
Dec 23, 2017 10:56:20 PM org.apache.catalina.startup.HostConfig deployDirectory
INFO: Deploying web application directory /Users/Jesli/Development/self_project/majiang/server/apache-tomcat-7.0.82/webapps/host-manager
Dec 23, 2017 10:56:20 PM org.apache.catalina.startup.HostConfig deployDirectory
INFO: Deployment of web application directory /Users/Jesli/Development/self_project/majiang/server/apache-tomcat-7.0.82/webapps/host-manager has finished in 104 ms
Dec 23, 2017 10:56:20 PM org.apache.catalina.startup.HostConfig deployDirectory
INFO: Deploying web application directory /Users/Jesli/Development/self_project/majiang/server/apache-tomcat-7.0.82/webapps/manager
Dec 23, 2017 10:56:20 PM org.apache.catalina.startup.HostConfig deployDirectory
INFO: Deployment of web application directory /Users/Jesli/Development/self_project/majiang/server/apache-tomcat-7.0.82/webapps/manager has finished in 36 ms
Dec 23, 2017 10:56:20 PM org.apache.coyote.AbstractProtocol start
INFO: Starting ProtocolHandler ["http-bio-8080"]
Dec 23, 2017 10:56:20 PM org.apache.coyote.AbstractProtocol start
INFO: Starting ProtocolHandler ["ajp-bio-8009"]
Dec 23, 2017 10:56:20 PM org.apache.catalina.startup.Catalina start
INFO: Server startup in 1830 ms
Dec 23, 2017 11:24:36 PM org.apache.catalina.core.StandardServer await
INFO: A valid shutdown command was received via the shutdown port. Stopping the Server instance.
Dec 23, 2017 11:24:36 PM org.apache.coyote.AbstractProtocol pause
INFO: Pausing ProtocolHandler ["http-bio-8080"]
Dec 23, 2017 11:24:36 PM org.apache.coyote.AbstractProtocol pause
INFO: Pausing ProtocolHandler ["ajp-bio-8009"]
Dec 23, 2017 11:24:36 PM org.apache.catalina.core.StandardService stopInternal
INFO: Stopping service Catalina
Dec 23, 2017 11:24:36 PM org.apache.catalina.loader.WebappClassLoaderBase clearReferencesJdbc
SEVERE: The web application [] registered the JDBC driver [com.mysql.jdbc.Driver] but failed to unregister it when the web application was stopped. To prevent a memory leak, the JDBC Driver has been forcibly unregistered.
Dec 23, 2017 11:24:36 PM org.apache.catalina.loader.WebappClassLoaderBase clearReferencesJdbc
SEVERE: The web application [] registered the JDBC driver [org.apache.ibatis.datasource.unpooled.UnpooledDataSource.DriverProxy] but failed to unregister it when the web application was stopped. To prevent a memory leak, the JDBC Driver has been forcibly unregistered.
Dec 23, 2017 11:24:36 PM org.apache.catalina.loader.WebappClassLoaderBase clearReferencesThreads
SEVERE: The web application [] appears to have started a thread named [Timer-1] but has failed to stop it. This is very likely to create a memory leak.
Dec 23, 2017 11:24:36 PM org.apache.catalina.loader.WebappClassLoaderBase clearReferencesThreads
SEVERE: The web application [] appears to have started a thread named [MySQL Statement Cancellation Timer] but has failed to stop it. This is very likely to create a memory leak.
Dec 23, 2017 11:24:36 PM org.apache.coyote.AbstractProtocol stop
INFO: Stopping ProtocolHandler ["http-bio-8080"]
Dec 23, 2017 11:24:36 PM org.apache.coyote.AbstractProtocol stop
INFO: Stopping ProtocolHandler ["ajp-bio-8009"]
Dec 23, 2017 11:24:36 PM org.apache.coyote.AbstractProtocol destroy
INFO: Destroying ProtocolHandler ["http-bio-8080"]
Dec 23, 2017 11:24:36 PM org.apache.coyote.AbstractProtocol destroy
INFO: Destroying ProtocolHandler ["ajp-bio-8009"]
Dec 23, 2017 11:25:05 PM org.apache.catalina.startup.VersionLoggerListener log
INFO: Server version:        Apache Tomcat/7.0.82
Dec 23, 2017 11:25:05 PM org.apache.catalina.startup.VersionLoggerListener log
INFO: Server built:          Sep 29 2017 12:23:15 UTC
Dec 23, 2017 11:25:05 PM org.apache.catalina.startup.VersionLoggerListener log
INFO: Server number:         7.0.82.0
Dec 23, 2017 11:25:05 PM org.apache.catalina.startup.VersionLoggerListener log
INFO: OS Name:               Mac OS X
Dec 23, 2017 11:25:05 PM org.apache.catalina.startup.VersionLoggerListener log
INFO: OS Version:            10.11.6
Dec 23, 2017 11:25:05 PM org.apache.catalina.startup.VersionLoggerListener log
INFO: Architecture:          x86_64
Dec 23, 2017 11:25:05 PM org.apache.catalina.startup.VersionLoggerListener log
INFO: Java Home:             /Library/Java/JavaVirtualMachines/jdk1.8.0_101.jdk/Contents/Home/jre
Dec 23, 2017 11:25:05 PM org.apache.catalina.startup.VersionLoggerListener log
INFO: JVM Version:           1.8.0_101-b13
Dec 23, 2017 11:25:05 PM org.apache.catalina.startup.VersionLoggerListener log
INFO: JVM Vendor:            Oracle Corporation
Dec 23, 2017 11:25:05 PM org.apache.catalina.startup.VersionLoggerListener log
INFO: CATALINA_BASE:         /Users/Jesli/Development/self_project/majiang/server/apache-tomcat-7.0.82
Dec 23, 2017 11:25:05 PM org.apache.catalina.startup.VersionLoggerListener log
INFO: CATALINA_HOME:         /Users/Jesli/Development/self_project/majiang/server/apache-tomcat-7.0.82
Dec 23, 2017 11:25:05 PM org.apache.catalina.startup.VersionLoggerListener log
INFO: Command line argument: -Djava.util.logging.config.file=/Users/Jesli/Development/self_project/majiang/server/apache-tomcat-7.0.82/conf/logging.properties
Dec 23, 2017 11:25:05 PM org.apache.catalina.startup.VersionLoggerListener log
INFO: Command line argument: -Djava.util.logging.manager=org.apache.juli.ClassLoaderLogManager
Dec 23, 2017 11:25:05 PM org.apache.catalina.startup.VersionLoggerListener log
INFO: Command line argument: -Djdk.tls.ephemeralDHKeySize=2048
Dec 23, 2017 11:25:05 PM org.apache.catalina.startup.VersionLoggerListener log
INFO: Command line argument: -Djava.endorsed.dirs=/Users/Jesli/Development/self_project/majiang/server/apache-tomcat-7.0.82/endorsed
Dec 23, 2017 11:25:05 PM org.apache.catalina.startup.VersionLoggerListener log
INFO: Command line argument: -Dcatalina.base=/Users/Jesli/Development/self_project/majiang/server/apache-tomcat-7.0.82
Dec 23, 2017 11:25:05 PM org.apache.catalina.startup.VersionLoggerListener log
INFO: Command line argument: -Dcatalina.home=/Users/Jesli/Development/self_project/majiang/server/apache-tomcat-7.0.82
Dec 23, 2017 11:25:05 PM org.apache.catalina.startup.VersionLoggerListener log
INFO: Command line argument: -Djava.io.tmpdir=/Users/Jesli/Development/self_project/majiang/server/apache-tomcat-7.0.82/temp
Dec 23, 2017 11:25:05 PM org.apache.catalina.core.AprLifecycleListener lifecycleEvent
INFO: The APR based Apache Tomcat Native library which allows optimal performance in production environments was not found on the java.library.path: /Users/Jesli/Library/Java/Extensions:/Library/Java/Extensions:/Network/Library/Java/Extensions:/System/Library/Java/Extensions:/usr/lib/java:.
Dec 23, 2017 11:25:05 PM org.apache.coyote.AbstractProtocol init
INFO: Initializing ProtocolHandler ["http-bio-8080"]
Dec 23, 2017 11:25:05 PM org.apache.coyote.AbstractProtocol init
INFO: Initializing ProtocolHandler ["ajp-bio-8009"]
Dec 23, 2017 11:25:05 PM org.apache.catalina.startup.Catalina load
INFO: Initialization processed in 586 ms
Dec 23, 2017 11:25:05 PM org.apache.catalina.core.StandardService startInternal
INFO: Starting service Catalina
Dec 23, 2017 11:25:05 PM org.apache.catalina.core.StandardEngine startInternal
INFO: Starting Servlet Engine: Apache Tomcat/7.0.82
Dec 23, 2017 11:25:05 PM org.apache.catalina.loader.WebappClassLoaderBase validateJarFile
INFO: validateJarFile(/Users/Jesli/Development/self_project/majiang/server/GameServer-MJ/WebRoot/WEB-INF/lib/servlet-api.jar) - jar not loaded. See Servlet Spec 3.0, section 10.7.2. Offending class: javax/servlet/Servlet.class
Dec 23, 2017 11:25:06 PM org.apache.catalina.startup.TldConfig execute
INFO: At least one JAR was scanned for TLDs yet contained no TLDs. Enable debug logging for this logger for a complete list of JARs that were scanned but no TLDs were found in them. Skipping unneeded JARs during scanning can improve startup time and JSP compilation time.
Dec 23, 2017 11:25:06 PM org.apache.catalina.startup.HostConfig deployDirectory
INFO: Deploying web application directory /Users/Jesli/Development/self_project/majiang/server/apache-tomcat-7.0.82/webapps/docs
Dec 23, 2017 11:25:07 PM org.apache.catalina.startup.HostConfig deployDirectory
INFO: Deployment of web application directory /Users/Jesli/Development/self_project/majiang/server/apache-tomcat-7.0.82/webapps/docs has finished in 55 ms
Dec 23, 2017 11:25:07 PM org.apache.catalina.startup.HostConfig deployDirectory
INFO: Deploying web application directory /Users/Jesli/Development/self_project/majiang/server/apache-tomcat-7.0.82/webapps/examples
Dec 23, 2017 11:25:07 PM org.apache.catalina.startup.HostConfig deployDirectory
INFO: Deployment of web application directory /Users/Jesli/Development/self_project/majiang/server/apache-tomcat-7.0.82/webapps/examples has finished in 281 ms
Dec 23, 2017 11:25:07 PM org.apache.catalina.startup.HostConfig deployDirectory
INFO: Deploying web application directory /Users/Jesli/Development/self_project/majiang/server/apache-tomcat-7.0.82/webapps/host-manager
Dec 23, 2017 11:25:07 PM org.apache.catalina.startup.HostConfig deployDirectory
INFO: Deployment of web application directory /Users/Jesli/Development/self_project/majiang/server/apache-tomcat-7.0.82/webapps/host-manager has finished in 109 ms
Dec 23, 2017 11:25:07 PM org.apache.catalina.startup.HostConfig deployDirectory
INFO: Deploying web application directory /Users/Jesli/Development/self_project/majiang/server/apache-tomcat-7.0.82/webapps/manager
Dec 23, 2017 11:25:07 PM org.apache.catalina.startup.HostConfig deployDirectory
INFO: Deployment of web application directory /Users/Jesli/Development/self_project/majiang/server/apache-tomcat-7.0.82/webapps/manager has finished in 68 ms
Dec 23, 2017 11:25:07 PM org.apache.coyote.AbstractProtocol start
INFO: Starting ProtocolHandler ["http-bio-8080"]
Dec 23, 2017 11:25:07 PM org.apache.coyote.AbstractProtocol start
INFO: Starting ProtocolHandler ["ajp-bio-8009"]
Dec 23, 2017 11:25:07 PM org.apache.catalina.startup.Catalina start
INFO: Server startup in 1823 ms
Dec 23, 2017 11:25:17 PM org.apache.catalina.core.StandardServer await
INFO: A valid shutdown command was received via the shutdown port. Stopping the Server instance.
Dec 23, 2017 11:25:17 PM org.apache.coyote.AbstractProtocol pause
INFO: Pausing ProtocolHandler ["http-bio-8080"]
Dec 23, 2017 11:25:17 PM org.apache.coyote.AbstractProtocol pause
INFO: Pausing ProtocolHandler ["ajp-bio-8009"]
Dec 23, 2017 11:25:17 PM org.apache.catalina.core.StandardService stopInternal
INFO: Stopping service Catalina
Dec 23, 2017 11:25:17 PM org.apache.catalina.loader.WebappClassLoaderBase clearReferencesJdbc
SEVERE: The web application [] registered the JDBC driver [com.mysql.jdbc.Driver] but failed to unregister it when the web application was stopped. To prevent a memory leak, the JDBC Driver has been forcibly unregistered.
Dec 23, 2017 11:25:17 PM org.apache.catalina.loader.WebappClassLoaderBase clearReferencesJdbc
SEVERE: The web application [] registered the JDBC driver [org.apache.ibatis.datasource.unpooled.UnpooledDataSource.DriverProxy] but failed to unregister it when the web application was stopped. To prevent a memory leak, the JDBC Driver has been forcibly unregistered.
Dec 23, 2017 11:25:17 PM org.apache.catalina.loader.WebappClassLoaderBase clearReferencesThreads
SEVERE: The web application [] appears to have started a thread named [Timer-1] but has failed to stop it. This is very likely to create a memory leak.
Dec 23, 2017 11:25:17 PM org.apache.catalina.loader.WebappClassLoaderBase clearReferencesThreads
SEVERE: The web application [] appears to have started a thread named [MySQL Statement Cancellation Timer] but has failed to stop it. This is very likely to create a memory leak.
Dec 23, 2017 11:25:17 PM org.apache.coyote.AbstractProtocol stop
INFO: Stopping ProtocolHandler ["http-bio-8080"]
Dec 23, 2017 11:25:17 PM org.apache.coyote.AbstractProtocol stop
INFO: Stopping ProtocolHandler ["ajp-bio-8009"]
Dec 23, 2017 11:25:17 PM org.apache.coyote.AbstractProtocol destroy
INFO: Destroying ProtocolHandler ["http-bio-8080"]
Dec 23, 2017 11:25:17 PM org.apache.coyote.AbstractProtocol destroy
INFO: Destroying ProtocolHandler ["ajp-bio-8009"]
Dec 23, 2017 11:25:48 PM org.apache.catalina.startup.VersionLoggerListener log
INFO: Server version:        Apache Tomcat/7.0.82
Dec 23, 2017 11:25:48 PM org.apache.catalina.startup.VersionLoggerListener log
INFO: Server built:          Sep 29 2017 12:23:15 UTC
Dec 23, 2017 11:25:48 PM org.apache.catalina.startup.VersionLoggerListener log
INFO: Server number:         7.0.82.0
Dec 23, 2017 11:25:48 PM org.apache.catalina.startup.VersionLoggerListener log
INFO: OS Name:               Mac OS X
Dec 23, 2017 11:25:48 PM org.apache.catalina.startup.VersionLoggerListener log
INFO: OS Version:            10.11.6
Dec 23, 2017 11:25:48 PM org.apache.catalina.startup.VersionLoggerListener log
INFO: Architecture:          x86_64
Dec 23, 2017 11:25:48 PM org.apache.catalina.startup.VersionLoggerListener log
INFO: Java Home:             /Library/Java/JavaVirtualMachines/jdk1.8.0_101.jdk/Contents/Home/jre
Dec 23, 2017 11:25:48 PM org.apache.catalina.startup.VersionLoggerListener log
INFO: JVM Version:           1.8.0_101-b13
Dec 23, 2017 11:25:48 PM org.apache.catalina.startup.VersionLoggerListener log
INFO: JVM Vendor:            Oracle Corporation
Dec 23, 2017 11:25:48 PM org.apache.catalina.startup.VersionLoggerListener log
INFO: CATALINA_BASE:         /Users/Jesli/Development/self_project/majiang/server/apache-tomcat-7.0.82
Dec 23, 2017 11:25:48 PM org.apache.catalina.startup.VersionLoggerListener log
INFO: CATALINA_HOME:         /Users/Jesli/Development/self_project/majiang/server/apache-tomcat-7.0.82
Dec 23, 2017 11:25:48 PM org.apache.catalina.startup.VersionLoggerListener log
INFO: Command line argument: -Djava.util.logging.config.file=/Users/Jesli/Development/self_project/majiang/server/apache-tomcat-7.0.82/conf/logging.properties
Dec 23, 2017 11:25:48 PM org.apache.catalina.startup.VersionLoggerListener log
INFO: Command line argument: -Djava.util.logging.manager=org.apache.juli.ClassLoaderLogManager
Dec 23, 2017 11:25:48 PM org.apache.catalina.startup.VersionLoggerListener log
INFO: Command line argument: -Djdk.tls.ephemeralDHKeySize=2048
Dec 23, 2017 11:25:48 PM org.apache.catalina.startup.VersionLoggerListener log
INFO: Command line argument: -Djava.endorsed.dirs=/Users/Jesli/Development/self_project/majiang/server/apache-tomcat-7.0.82/endorsed
Dec 23, 2017 11:25:48 PM org.apache.catalina.startup.VersionLoggerListener log
INFO: Command line argument: -Dcatalina.base=/Users/Jesli/Development/self_project/majiang/server/apache-tomcat-7.0.82
Dec 23, 2017 11:25:48 PM org.apache.catalina.startup.VersionLoggerListener log
INFO: Command line argument: -Dcatalina.home=/Users/Jesli/Development/self_project/majiang/server/apache-tomcat-7.0.82
Dec 23, 2017 11:25:48 PM org.apache.catalina.startup.VersionLoggerListener log
INFO: Command line argument: -Djava.io.tmpdir=/Users/Jesli/Development/self_project/majiang/server/apache-tomcat-7.0.82/temp
Dec 23, 2017 11:25:48 PM org.apache.catalina.core.AprLifecycleListener lifecycleEvent
INFO: The APR based Apache Tomcat Native library which allows optimal performance in production environments was not found on the java.library.path: /Users/Jesli/Library/Java/Extensions:/Library/Java/Extensions:/Network/Library/Java/Extensions:/System/Library/Java/Extensions:/usr/lib/java:.
Dec 23, 2017 11:25:48 PM org.apache.coyote.AbstractProtocol init
INFO: Initializing ProtocolHandler ["http-bio-8080"]
Dec 23, 2017 11:25:48 PM org.apache.coyote.AbstractProtocol init
INFO: Initializing ProtocolHandler ["ajp-bio-8009"]
Dec 23, 2017 11:25:48 PM org.apache.catalina.startup.Catalina load
INFO: Initialization processed in 575 ms
Dec 23, 2017 11:25:48 PM org.apache.catalina.core.StandardService startInternal
INFO: Starting service Catalina
Dec 23, 2017 11:25:48 PM org.apache.catalina.core.StandardEngine startInternal
INFO: Starting Servlet Engine: Apache Tomcat/7.0.82
Dec 23, 2017 11:25:48 PM org.apache.catalina.loader.WebappClassLoaderBase validateJarFile
INFO: validateJarFile(/Users/Jesli/Development/self_project/majiang/server/GameServer-MJ/WebRoot/WEB-INF/lib/servlet-api.jar) - jar not loaded. See Servlet Spec 3.0, section 10.7.2. Offending class: javax/servlet/Servlet.class
Dec 23, 2017 11:25:48 PM org.apache.catalina.startup.TldConfig execute
INFO: At least one JAR was scanned for TLDs yet contained no TLDs. Enable debug logging for this logger for a complete list of JARs that were scanned but no TLDs were found in them. Skipping unneeded JARs during scanning can improve startup time and JSP compilation time.
Dec 23, 2017 11:25:49 PM org.apache.catalina.startup.HostConfig deployDirectory
INFO: Deploying web application directory /Users/Jesli/Development/self_project/majiang/server/apache-tomcat-7.0.82/webapps/docs
Dec 23, 2017 11:25:49 PM org.apache.catalina.startup.HostConfig deployDirectory
INFO: Deployment of web application directory /Users/Jesli/Development/self_project/majiang/server/apache-tomcat-7.0.82/webapps/docs has finished in 35 ms
Dec 23, 2017 11:25:49 PM org.apache.catalina.startup.HostConfig deployDirectory
INFO: Deploying web application directory /Users/Jesli/Development/self_project/majiang/server/apache-tomcat-7.0.82/webapps/examples
Dec 23, 2017 11:25:49 PM org.apache.catalina.startup.HostConfig deployDirectory
INFO: Deployment of web application directory /Users/Jesli/Development/self_project/majiang/server/apache-tomcat-7.0.82/webapps/examples has finished in 164 ms
Dec 23, 2017 11:25:49 PM org.apache.catalina.startup.HostConfig deployDirectory
INFO: Deploying web application directory /Users/Jesli/Development/self_project/majiang/server/apache-tomcat-7.0.82/webapps/host-manager
Dec 23, 2017 11:25:50 PM org.apache.catalina.startup.HostConfig deployDirectory
INFO: Deployment of web application directory /Users/Jesli/Development/self_project/majiang/server/apache-tomcat-7.0.82/webapps/host-manager has finished in 100 ms
Dec 23, 2017 11:25:50 PM org.apache.catalina.startup.HostConfig deployDirectory
INFO: Deploying web application directory /Users/Jesli/Development/self_project/majiang/server/apache-tomcat-7.0.82/webapps/manager
Dec 23, 2017 11:25:50 PM org.apache.catalina.startup.HostConfig deployDirectory
INFO: Deployment of web application directory /Users/Jesli/Development/self_project/majiang/server/apache-tomcat-7.0.82/webapps/manager has finished in 90 ms
Dec 23, 2017 11:25:50 PM org.apache.coyote.AbstractProtocol start
INFO: Starting ProtocolHandler ["http-bio-8080"]
Dec 23, 2017 11:25:50 PM org.apache.coyote.AbstractProtocol start
INFO: Starting ProtocolHandler ["ajp-bio-8009"]
Dec 23, 2017 11:25:50 PM org.apache.catalina.startup.Catalina start
INFO: Server startup in 1963 ms
Dec 23, 2017 11:26:17 PM org.apache.catalina.core.StandardServer await
INFO: A valid shutdown command was received via the shutdown port. Stopping the Server instance.
Dec 23, 2017 11:26:17 PM org.apache.coyote.AbstractProtocol pause
INFO: Pausing ProtocolHandler ["http-bio-8080"]
Dec 23, 2017 11:26:17 PM org.apache.coyote.AbstractProtocol pause
INFO: Pausing ProtocolHandler ["ajp-bio-8009"]
Dec 23, 2017 11:26:17 PM org.apache.catalina.core.StandardService stopInternal
INFO: Stopping service Catalina
Dec 23, 2017 11:26:17 PM org.apache.catalina.loader.WebappClassLoaderBase clearReferencesJdbc
SEVERE: The web application [] registered the JDBC driver [com.mysql.jdbc.Driver] but failed to unregister it when the web application was stopped. To prevent a memory leak, the JDBC Driver has been forcibly unregistered.
Dec 23, 2017 11:26:17 PM org.apache.catalina.loader.WebappClassLoaderBase clearReferencesJdbc
SEVERE: The web application [] registered the JDBC driver [org.apache.ibatis.datasource.unpooled.UnpooledDataSource.DriverProxy] but failed to unregister it when the web application was stopped. To prevent a memory leak, the JDBC Driver has been forcibly unregistered.
Dec 23, 2017 11:26:17 PM org.apache.catalina.loader.WebappClassLoaderBase clearReferencesThreads
SEVERE: The web application [] appears to have started a thread named [Timer-1] but has failed to stop it. This is very likely to create a memory leak.
Dec 23, 2017 11:26:17 PM org.apache.catalina.loader.WebappClassLoaderBase clearReferencesThreads
SEVERE: The web application [] appears to have started a thread named [NioSocketAcceptor-1] but has failed to stop it. This is very likely to create a memory leak.
Dec 23, 2017 11:26:17 PM org.apache.catalina.loader.WebappClassLoaderBase clearReferencesThreads
SEVERE: The web application [] appears to have started a thread named [MySQL Statement Cancellation Timer] but has failed to stop it. This is very likely to create a memory leak.
Dec 23, 2017 11:26:17 PM org.apache.catalina.loader.WebappClassLoaderBase clearReferencesThreads
SEVERE: The web application [] appears to have started a thread named [NioProcessor-2] but has failed to stop it. This is very likely to create a memory leak.
Dec 23, 2017 11:26:17 PM org.apache.catalina.loader.WebappClassLoaderBase clearReferencesThreads
SEVERE: The web application [] appears to have started a thread named [NioProcessor-3] but has failed to stop it. This is very likely to create a memory leak.
Dec 23, 2017 11:26:17 PM org.apache.catalina.loader.WebappClassLoaderBase clearReferencesThreads
SEVERE: The web application [] appears to have started a thread named [pool-3-thread-1] but has failed to stop it. This is very likely to create a memory leak.
Dec 23, 2017 11:26:17 PM org.apache.catalina.loader.WebappClassLoaderBase clearReferencesThreads
SEVERE: The web application [] appears to have started a thread named [pool-3-thread-2] but has failed to stop it. This is very likely to create a memory leak.
Dec 23, 2017 11:26:17 PM org.apache.coyote.AbstractProtocol stop
INFO: Stopping ProtocolHandler ["http-bio-8080"]
Dec 23, 2017 11:26:17 PM org.apache.coyote.AbstractProtocol stop
INFO: Stopping ProtocolHandler ["ajp-bio-8009"]
Dec 23, 2017 11:26:17 PM org.apache.coyote.AbstractProtocol destroy
INFO: Destroying ProtocolHandler ["http-bio-8080"]
Dec 23, 2017 11:26:17 PM org.apache.coyote.AbstractProtocol destroy
INFO: Destroying ProtocolHandler ["ajp-bio-8009"]
Dec 23, 2017 11:34:48 PM org.apache.catalina.startup.VersionLoggerListener log
INFO: Server version:        Apache Tomcat/7.0.82
Dec 23, 2017 11:34:48 PM org.apache.catalina.startup.VersionLoggerListener log
INFO: Server built:          Sep 29 2017 12:23:15 UTC
Dec 23, 2017 11:34:48 PM org.apache.catalina.startup.VersionLoggerListener log
INFO: Server number:         7.0.82.0
Dec 23, 2017 11:34:48 PM org.apache.catalina.startup.VersionLoggerListener log
INFO: OS Name:               Mac OS X
Dec 23, 2017 11:34:48 PM org.apache.catalina.startup.VersionLoggerListener log
INFO: OS Version:            10.11.6
Dec 23, 2017 11:34:48 PM org.apache.catalina.startup.VersionLoggerListener log
INFO: Architecture:          x86_64
Dec 23, 2017 11:34:48 PM org.apache.catalina.startup.VersionLoggerListener log
INFO: Java Home:             /Library/Java/JavaVirtualMachines/jdk1.8.0_101.jdk/Contents/Home/jre
Dec 23, 2017 11:34:48 PM org.apache.catalina.startup.VersionLoggerListener log
INFO: JVM Version:           1.8.0_101-b13
Dec 23, 2017 11:34:48 PM org.apache.catalina.startup.VersionLoggerListener log
INFO: JVM Vendor:            Oracle Corporation
Dec 23, 2017 11:34:48 PM org.apache.catalina.startup.VersionLoggerListener log
INFO: CATALINA_BASE:         /Users/Jesli/Development/self_project/majiang/server/apache-tomcat-7.0.82
Dec 23, 2017 11:34:48 PM org.apache.catalina.startup.VersionLoggerListener log
INFO: CATALINA_HOME:         /Users/Jesli/Development/self_project/majiang/server/apache-tomcat-7.0.82
Dec 23, 2017 11:34:48 PM org.apache.catalina.startup.VersionLoggerListener log
INFO: Command line argument: -Djava.util.logging.config.file=/Users/Jesli/Development/self_project/majiang/server/apache-tomcat-7.0.82/conf/logging.properties
Dec 23, 2017 11:34:48 PM org.apache.catalina.startup.VersionLoggerListener log
INFO: Command line argument: -Djava.util.logging.manager=org.apache.juli.ClassLoaderLogManager
Dec 23, 2017 11:34:48 PM org.apache.catalina.startup.VersionLoggerListener log
INFO: Command line argument: -Djdk.tls.ephemeralDHKeySize=2048
Dec 23, 2017 11:34:48 PM org.apache.catalina.startup.VersionLoggerListener log
INFO: Command line argument: -Djava.endorsed.dirs=/Users/Jesli/Development/self_project/majiang/server/apache-tomcat-7.0.82/endorsed
Dec 23, 2017 11:34:48 PM org.apache.catalina.startup.VersionLoggerListener log
INFO: Command line argument: -Dcatalina.base=/Users/Jesli/Development/self_project/majiang/server/apache-tomcat-7.0.82
Dec 23, 2017 11:34:48 PM org.apache.catalina.startup.VersionLoggerListener log
INFO: Command line argument: -Dcatalina.home=/Users/Jesli/Development/self_project/majiang/server/apache-tomcat-7.0.82
Dec 23, 2017 11:34:48 PM org.apache.catalina.startup.VersionLoggerListener log
INFO: Command line argument: -Djava.io.tmpdir=/Users/Jesli/Development/self_project/majiang/server/apache-tomcat-7.0.82/temp
Dec 23, 2017 11:34:48 PM org.apache.catalina.core.AprLifecycleListener lifecycleEvent
INFO: The APR based Apache Tomcat Native library which allows optimal performance in production environments was not found on the java.library.path: /Users/Jesli/Library/Java/Extensions:/Library/Java/Extensions:/Network/Library/Java/Extensions:/System/Library/Java/Extensions:/usr/lib/java:.
Dec 23, 2017 11:34:48 PM org.apache.coyote.AbstractProtocol init
INFO: Initializing ProtocolHandler ["http-bio-8080"]
Dec 23, 2017 11:34:48 PM org.apache.coyote.AbstractProtocol init
INFO: Initializing ProtocolHandler ["ajp-bio-8009"]
Dec 23, 2017 11:34:48 PM org.apache.catalina.startup.Catalina load
INFO: Initialization processed in 610 ms
Dec 23, 2017 11:34:48 PM org.apache.catalina.core.StandardService startInternal
INFO: Starting service Catalina
Dec 23, 2017 11:34:48 PM org.apache.catalina.core.StandardEngine startInternal
INFO: Starting Servlet Engine: Apache Tomcat/7.0.82
Dec 23, 2017 11:34:48 PM org.apache.catalina.loader.WebappClassLoaderBase validateJarFile
INFO: validateJarFile(/Users/Jesli/Development/self_project/majiang/server/GameServer-MJ/WebRoot/WEB-INF/lib/servlet-api.jar) - jar not loaded. See Servlet Spec 3.0, section 10.7.2. Offending class: javax/servlet/Servlet.class
Dec 23, 2017 11:34:48 PM org.apache.catalina.startup.TldConfig execute
INFO: At least one JAR was scanned for TLDs yet contained no TLDs. Enable debug logging for this logger for a complete list of JARs that were scanned but no TLDs were found in them. Skipping unneeded JARs during scanning can improve startup time and JSP compilation time.
Dec 23, 2017 11:34:49 PM org.apache.catalina.startup.HostConfig deployDirectory
INFO: Deploying web application directory /Users/Jesli/Development/self_project/majiang/server/apache-tomcat-7.0.82/webapps/docs
Dec 23, 2017 11:34:49 PM org.apache.catalina.startup.HostConfig deployDirectory
INFO: Deployment of web application directory /Users/Jesli/Development/self_project/majiang/server/apache-tomcat-7.0.82/webapps/docs has finished in 31 ms
Dec 23, 2017 11:34:49 PM org.apache.catalina.startup.HostConfig deployDirectory
INFO: Deploying web application directory /Users/Jesli/Development/self_project/majiang/server/apache-tomcat-7.0.82/webapps/examples
Dec 23, 2017 11:34:49 PM org.apache.catalina.startup.HostConfig deployDirectory
INFO: Deployment of web application directory /Users/Jesli/Development/self_project/majiang/server/apache-tomcat-7.0.82/webapps/examples has finished in 163 ms
Dec 23, 2017 11:34:49 PM org.apache.catalina.startup.HostConfig deployDirectory
INFO: Deploying web application directory /Users/Jesli/Development/self_project/majiang/server/apache-tomcat-7.0.82/webapps/host-manager
Dec 23, 2017 11:34:50 PM org.apache.catalina.startup.HostConfig deployDirectory
INFO: Deployment of web application directory /Users/Jesli/Development/self_project/majiang/server/apache-tomcat-7.0.82/webapps/host-manager has finished in 104 ms
Dec 23, 2017 11:34:50 PM org.apache.catalina.startup.HostConfig deployDirectory
INFO: Deploying web application directory /Users/Jesli/Development/self_project/majiang/server/apache-tomcat-7.0.82/webapps/manager
Dec 23, 2017 11:34:50 PM org.apache.catalina.startup.HostConfig deployDirectory
INFO: Deployment of web application directory /Users/Jesli/Development/self_project/majiang/server/apache-tomcat-7.0.82/webapps/manager has finished in 34 ms
Dec 23, 2017 11:34:50 PM org.apache.coyote.AbstractProtocol start
INFO: Starting ProtocolHandler ["http-bio-8080"]
Dec 23, 2017 11:34:50 PM org.apache.coyote.AbstractProtocol start
INFO: Starting ProtocolHandler ["ajp-bio-8009"]
Dec 23, 2017 11:34:50 PM org.apache.catalina.startup.Catalina start
INFO: Server startup in 1838 ms
Dec 23, 2017 11:35:46 PM org.apache.coyote.ajp.AjpMessage processHeader
SEVERE: Invalid message received with signature 18245
Dec 23, 2017 11:35:46 PM org.apache.coyote.ajp.AjpMessage processHeader
SEVERE: Invalid message received with signature 18245
Dec 23, 2017 11:35:46 PM org.apache.coyote.ajp.AjpMessage processHeader
SEVERE: Invalid message received with signature 18245
Dec 23, 2017 11:35:46 PM org.apache.coyote.ajp.AjpMessage processHeader
SEVERE: Invalid message received with signature 18245
Dec 23, 2017 11:35:46 PM org.apache.coyote.ajp.AjpMessage processHeader
SEVERE: Invalid message received with signature 18245
Dec 23, 2017 11:35:46 PM org.apache.coyote.ajp.AjpMessage processHeader
SEVERE: Invalid message received with signature 18245
Dec 23, 2017 11:35:46 PM org.apache.coyote.ajp.AjpMessage processHeader
SEVERE: Invalid message received with signature 18245
Dec 23, 2017 11:35:46 PM org.apache.coyote.ajp.AjpMessage processHeader
SEVERE: Invalid message received with signature 18245
Dec 23, 2017 11:35:46 PM org.apache.coyote.ajp.AjpMessage processHeader
SEVERE: Invalid message received with signature 18245
Dec 23, 2017 11:35:46 PM org.apache.coyote.ajp.AjpMessage processHeader
SEVERE: Invalid message received with signature 18245
