一月 07, 2017 3:07:35 下午 org.apache.catalina.core.ApplicationContext log
信息: ContextListener: contextInitialized()
一月 07, 2017 3:07:35 下午 org.apache.catalina.core.ApplicationContext log
信息: SessionListener: contextInitialized()
一月 07, 2017 3:07:35 下午 org.apache.catalina.core.ApplicationContext log
信息: ContextListener: attributeAdded('org.apache.jasper.compiler.TldLocationsCache', 'org.apache.jasper.compiler.TldLocationsCache@7a7fbf64')
一月 07, 2017 7:10:18 下午 org.apache.catalina.core.ApplicationContext log
信息: ContextListener: contextInitialized()
一月 07, 2017 7:10:18 下午 org.apache.catalina.core.ApplicationContext log
信息: SessionListener: contextInitialized()
一月 07, 2017 7:10:18 下午 org.apache.catalina.core.ApplicationContext log
信息: ContextListener: attributeAdded('org.apache.jasper.compiler.TldLocationsCache', 'org.apache.jasper.compiler.TldLocationsCache@3844dd8c')
一月 07, 2017 7:10:44 下午 org.apache.catalina.core.ApplicationContext log
信息: No Spring WebApplicationInitializer types detected on classpath
一月 07, 2017 7:10:44 下午 org.apache.catalina.core.ApplicationContext log
信息: Initializing Spring root WebApplicationContext
一月 07, 2017 7:10:48 下午 org.apache.catalina.core.ApplicationContext log
信息: Set web app root system property: 'webapp.root' = [C:\apache-tomcat-7.0.73-windows-x86\apache-tomcat-7.0.73\webapps\xxadmin\]
一月 07, 2017 7:10:48 下午 org.apache.catalina.core.ApplicationContext log
信息: Initializing Spring FrameworkServlet 'springMVC'
一月 07, 2017 7:12:29 下午 org.apache.catalina.core.ApplicationContext log
信息: ContextListener: contextInitialized()
一月 07, 2017 7:12:29 下午 org.apache.catalina.core.ApplicationContext log
信息: SessionListener: contextInitialized()
一月 07, 2017 7:12:29 下午 org.apache.catalina.core.ApplicationContext log
信息: ContextListener: attributeAdded('org.apache.jasper.compiler.TldLocationsCache', 'org.apache.jasper.compiler.TldLocationsCache@1154d30d')
一月 07, 2017 7:12:33 下午 org.apache.catalina.core.ApplicationContext log
信息: No Spring WebApplicationInitializer types detected on classpath
一月 07, 2017 7:12:33 下午 org.apache.catalina.core.ApplicationContext log
信息: Initializing Spring root WebApplicationContext
一月 07, 2017 7:12:35 下午 org.apache.catalina.core.ApplicationContext log
信息: Set web app root system property: 'webapp.root' = [C:\apache-tomcat-7.0.73-windows-x86\apache-tomcat-7.0.73\webapps\xxadmin\]
一月 07, 2017 7:12:35 下午 org.apache.catalina.core.ApplicationContext log
信息: Initializing Spring FrameworkServlet 'springMVC'
一月 07, 2017 7:16:31 下午 org.apache.catalina.core.ApplicationContext log
信息: ContextListener: contextInitialized()
一月 07, 2017 7:16:31 下午 org.apache.catalina.core.ApplicationContext log
信息: SessionListener: contextInitialized()
一月 07, 2017 7:16:31 下午 org.apache.catalina.core.ApplicationContext log
信息: ContextListener: attributeAdded('org.apache.jasper.compiler.TldLocationsCache', 'org.apache.jasper.compiler.TldLocationsCache@64576529')
一月 07, 2017 7:16:35 下午 org.apache.catalina.core.ApplicationContext log
信息: No Spring WebApplicationInitializer types detected on classpath
一月 07, 2017 7:16:35 下午 org.apache.catalina.core.ApplicationContext log
信息: Initializing Spring root WebApplicationContext
一月 07, 2017 7:16:37 下午 org.apache.catalina.core.ApplicationContext log
信息: Set web app root system property: 'webapp.root' = [C:\apache-tomcat-7.0.73-windows-x86\apache-tomcat-7.0.73\webapps\xxadmin\]
一月 07, 2017 7:16:37 下午 org.apache.catalina.core.ApplicationContext log
信息: Initializing Spring FrameworkServlet 'springMVC'
一月 07, 2017 8:58:14 下午 org.apache.catalina.core.ApplicationContext log
信息: ContextListener: contextInitialized()
一月 07, 2017 8:58:14 下午 org.apache.catalina.core.ApplicationContext log
信息: SessionListener: contextInitialized()
一月 07, 2017 8:58:14 下午 org.apache.catalina.core.ApplicationContext log
信息: ContextListener: attributeAdded('org.apache.jasper.compiler.TldLocationsCache', 'org.apache.jasper.compiler.TldLocationsCache@422cd412')
一月 07, 2017 8:58:18 下午 org.apache.catalina.core.ApplicationContext log
信息: No Spring WebApplicationInitializer types detected on classpath
一月 07, 2017 8:58:18 下午 org.apache.catalina.core.ApplicationContext log
信息: Initializing Spring root WebApplicationContext
一月 07, 2017 8:58:20 下午 org.apache.catalina.core.ApplicationContext log
信息: Set web app root system property: 'webapp.root' = [C:\apache-tomcat-7.0.73-windows-x86\apache-tomcat-7.0.73\webapps\xxadmin\]
一月 07, 2017 8:58:20 下午 org.apache.catalina.core.ApplicationContext log
信息: Initializing Spring FrameworkServlet 'springMVC'
